This file contains any messages produced by compilers while
running configure, to aid debugging if configure makes a mistake.

It was created by Protocol Buffers configure 3.14.0, which was
generated by GNU Autoconf 2.69.  Invocation command line was

  $ configure 

## --------- ##
## Platform. ##
## --------- ##

hostname = bogon
uname -m = x86_64
uname -r = 19.6.0
uname -s = Darwin
uname -v = Darwin Kernel Version 19.6.0: Thu Oct 29 22:56:45 PDT 2020; root:xnu-6153.141.2.2~1/RELEASE_X86_64

/usr/bin/uname -p = i386
/bin/uname -X     = unknown

/bin/arch              = unknown
/usr/bin/arch -k       = unknown
/usr/convex/getsysinfo = unknown
/usr/bin/hostinfo      = Mach kernel version:
	 Darwin Kernel Version 19.6.0: Thu Oct 29 22:56:45 PDT 2020; root:xnu-6153.141.2.2~1/RELEASE_X86_64
Kernel configured for up to 16 processors.
8 processors are physically available.
16 processors are logically available.
Processor type: x86_64h (Intel x86-64h Haswell)
Processors active: 0 1 2 3 4 5 6 7 8 9 10 11 12 13 14 15
Primary memory available: 32.00 gigabytes
Default processor set: 358 tasks, 1550 threads, 16 processors
Load average: 1.63, Mach factor: 14.35
/bin/machine           = unknown
/usr/bin/oslevel       = unknown
/bin/universe          = unknown

PATH: /usr/local/bin
PATH: /usr/bin
PATH: /bin
PATH: /usr/sbin
PATH: /sbin
PATH: /usr/local/go/bin
PATH: /Library/Apple/usr/bin
PATH: /Library/Frameworks/Mono.framework/Versions/Current/Commands
PATH: /Users/mac/Desktop/damonpeng/usr/local/bin


## ----------- ##
## Core tests. ##
## ----------- ##

configure:2610: checking whether to enable maintainer-specific portions of Makefiles
configure:2619: result: yes
configure:2694: checking build system type
configure:2708: result: x86_64-apple-darwin19.6.0
configure:2728: checking host system type
configure:2741: result: x86_64-apple-darwin19.6.0
configure:2761: checking target system type
configure:2774: result: x86_64-apple-darwin19.6.0
configure:2817: checking for a BSD-compatible install
configure:2885: result: /usr/bin/install -c
configure:2896: checking whether build environment is sane
configure:2951: result: yes
configure:3097: checking for a thread-safe mkdir -p
configure:3136: result: ./install-sh -c -d
configure:3143: checking for gawk
configure:3173: result: no
configure:3143: checking for mawk
configure:3173: result: no
configure:3143: checking for nawk
configure:3173: result: no
configure:3143: checking for awk
configure:3159: found /usr/bin/awk
configure:3170: result: awk
configure:3181: checking whether make sets $(MAKE)
configure:3203: result: yes
configure:3232: checking whether make supports nested variables
configure:3249: result: yes
configure:3338: checking whether UID '501' is supported by ustar format
configure:3341: result: yes
configure:3348: checking whether GID '20' is supported by ustar format
configure:3351: result: yes
configure:3359: checking how to create a ustar tar archive
configure:3370: tar --version
bsdtar 3.3.2 - libarchive 3.3.2 zlib/1.2.11 liblzma/5.0.5 bz2lib/1.0.6
configure:3373: $? = 0
configure:3413: tardir=conftest.dir && eval tar --format=ustar -chf - "$tardir" >conftest.tar
configure:3416: $? = 0
configure:3420: tar -xf - <conftest.tar
configure:3423: $? = 0
configure:3425: cat conftest.dir/file
GrepMe
configure:3428: $? = 0
configure:3441: result: gnutar
configure:3506: checking whether make supports nested variables
configure:3523: result: yes
configure:3616: checking for gcc
configure:3632: found /usr/bin/gcc
configure:3643: result: gcc
configure:3872: checking for C compiler version
configure:3881: gcc --version >&5
Apple clang version 12.0.0 (clang-1200.0.32.21)
Target: x86_64-apple-darwin19.6.0
Thread model: posix
InstalledDir: /Library/Developer/CommandLineTools/usr/bin
Configured with: --prefix=/Library/Developer/CommandLineTools/usr --with-gxx-include-dir=/Library/Developer/CommandLineTools/SDKs/MacOSX.sdk/usr/include/c++/4.2.1
configure:3892: $? = 0
configure:3881: gcc -v >&5
Configured with: --prefix=/Library/Developer/CommandLineTools/usr --with-gxx-include-dir=/Library/Developer/CommandLineTools/SDKs/MacOSX.sdk/usr/include/c++/4.2.1
Apple clang version 12.0.0 (clang-1200.0.32.21)
Target: x86_64-apple-darwin19.6.0
Thread model: posix
InstalledDir: /Library/Developer/CommandLineTools/usr/bin
configure:3892: $? = 0
configure:3881: gcc -V >&5
clang: error: argument to '-V' is missing (expected 1 value)
clang: error: no input files
configure:3892: $? = 1
configure:3881: gcc -qversion >&5
clang: error: unknown argument '-qversion'; did you mean '--version'?
clang: error: no input files
configure:3892: $? = 1
configure:3912: checking whether the C compiler works
configure:3934: gcc    conftest.c  >&5
configure:3938: $? = 0
configure:3986: result: yes
configure:3989: checking for C compiler default output file name
configure:3991: result: a.out
configure:3997: checking for suffix of executables
configure:4004: gcc -o conftest    conftest.c  >&5
configure:4008: $? = 0
configure:4030: result: 
configure:4052: checking whether we are cross compiling
configure:4060: gcc -o conftest    conftest.c  >&5
configure:4064: $? = 0
configure:4071: ./conftest
configure:4075: $? = 0
configure:4090: result: no
configure:4095: checking for suffix of object files
configure:4117: gcc -c   conftest.c >&5
configure:4121: $? = 0
configure:4142: result: o
configure:4146: checking whether we are using the GNU C compiler
configure:4165: gcc -c   conftest.c >&5
configure:4165: $? = 0
configure:4174: result: yes
configure:4183: checking whether gcc accepts -g
configure:4203: gcc -c -g  conftest.c >&5
configure:4203: $? = 0
configure:4244: result: yes
configure:4261: checking for gcc option to accept ISO C89
configure:4324: gcc  -c   conftest.c >&5
configure:4324: $? = 0
configure:4337: result: none needed
configure:4362: checking whether gcc understands -c and -o together
configure:4384: gcc -c conftest.c -o conftest2.o
configure:4387: $? = 0
configure:4384: gcc -c conftest.c -o conftest2.o
configure:4387: $? = 0
configure:4399: result: yes
configure:4419: checking whether make supports the include directive
configure:4434: make -f confmf.GNU && cat confinc.out
this is the am__doit target
configure:4437: $? = 0
configure:4456: result: yes (GNU style)
configure:4481: checking dependency style of gcc
configure:4592: result: gcc3
configure:4665: checking for g++
configure:4681: found /usr/bin/g++
configure:4692: result: g++
configure:4719: checking for C++ compiler version
configure:4728: g++ --version >&5
Apple clang version 12.0.0 (clang-1200.0.32.21)
Target: x86_64-apple-darwin19.6.0
Thread model: posix
InstalledDir: /Library/Developer/CommandLineTools/usr/bin
Configured with: --prefix=/Library/Developer/CommandLineTools/usr --with-gxx-include-dir=/Library/Developer/CommandLineTools/SDKs/MacOSX.sdk/usr/include/c++/4.2.1
configure:4739: $? = 0
configure:4728: g++ -v >&5
Configured with: --prefix=/Library/Developer/CommandLineTools/usr --with-gxx-include-dir=/Library/Developer/CommandLineTools/SDKs/MacOSX.sdk/usr/include/c++/4.2.1
Apple clang version 12.0.0 (clang-1200.0.32.21)
Target: x86_64-apple-darwin19.6.0
Thread model: posix
InstalledDir: /Library/Developer/CommandLineTools/usr/bin
configure:4739: $? = 0
configure:4728: g++ -V >&5
clang: error: argument to '-V' is missing (expected 1 value)
clang: error: no input files
configure:4739: $? = 1
configure:4728: g++ -qversion >&5
clang: error: unknown argument '-qversion'; did you mean '--version'?
clang: error: no input files
configure:4739: $? = 1
configure:4743: checking whether we are using the GNU C++ compiler
configure:4762: g++ -c   conftest.cpp >&5
configure:4762: $? = 0
configure:4771: result: yes
configure:4780: checking whether g++ accepts -g
configure:4800: g++ -c -g  conftest.cpp >&5
configure:4800: $? = 0
configure:4841: result: yes
configure:4866: checking dependency style of g++
configure:4977: result: gcc3
configure:4997: checking how to run the C preprocessor
configure:5028: gcc -E  conftest.c
configure:5028: $? = 0
configure:5042: gcc -E  conftest.c
conftest.c:11:10: fatal error: 'ac_nonexistent.h' file not found
#include <ac_nonexistent.h>
         ^~~~~~~~~~~~~~~~~~
1 error generated.
configure:5042: $? = 1
configure: failed program was:
| /* confdefs.h */
| #define PACKAGE_NAME "Protocol Buffers"
| #define PACKAGE_TARNAME "protobuf"
| #define PACKAGE_VERSION "3.14.0"
| #define PACKAGE_STRING "Protocol Buffers 3.14.0"
| #define PACKAGE_BUGREPORT "protobuf@googlegroups.com"
| #define PACKAGE_URL ""
| #define PACKAGE "protobuf"
| #define VERSION "3.14.0"
| /* end confdefs.h.  */
| #include <ac_nonexistent.h>
configure:5067: result: gcc -E
configure:5087: gcc -E  conftest.c
configure:5087: $? = 0
configure:5101: gcc -E  conftest.c
conftest.c:11:10: fatal error: 'ac_nonexistent.h' file not found
#include <ac_nonexistent.h>
         ^~~~~~~~~~~~~~~~~~
1 error generated.
configure:5101: $? = 1
configure: failed program was:
| /* confdefs.h */
| #define PACKAGE_NAME "Protocol Buffers"
| #define PACKAGE_TARNAME "protobuf"
| #define PACKAGE_VERSION "3.14.0"
| #define PACKAGE_STRING "Protocol Buffers 3.14.0"
| #define PACKAGE_BUGREPORT "protobuf@googlegroups.com"
| #define PACKAGE_URL ""
| #define PACKAGE "protobuf"
| #define VERSION "3.14.0"
| /* end confdefs.h.  */
| #include <ac_nonexistent.h>
configure:5185: checking for gcc
configure:5201: found /usr/bin/gcc
configure:5212: result: gcc
configure:5441: checking for C compiler version
configure:5450: gcc --version >&5
Apple clang version 12.0.0 (clang-1200.0.32.21)
Target: x86_64-apple-darwin19.6.0
Thread model: posix
InstalledDir: /Library/Developer/CommandLineTools/usr/bin
Configured with: --prefix=/Library/Developer/CommandLineTools/usr --with-gxx-include-dir=/Library/Developer/CommandLineTools/SDKs/MacOSX.sdk/usr/include/c++/4.2.1
configure:5461: $? = 0
configure:5450: gcc -v >&5
Configured with: --prefix=/Library/Developer/CommandLineTools/usr --with-gxx-include-dir=/Library/Developer/CommandLineTools/SDKs/MacOSX.sdk/usr/include/c++/4.2.1
Apple clang version 12.0.0 (clang-1200.0.32.21)
Target: x86_64-apple-darwin19.6.0
Thread model: posix
InstalledDir: /Library/Developer/CommandLineTools/usr/bin
configure:5461: $? = 0
configure:5450: gcc -V >&5
clang: error: argument to '-V' is missing (expected 1 value)
clang: error: no input files
configure:5461: $? = 1
configure:5450: gcc -qversion >&5
clang: error: unknown argument '-qversion'; did you mean '--version'?
clang: error: no input files
configure:5461: $? = 1
configure:5465: checking whether we are using the GNU C compiler
configure:5493: result: yes
configure:5502: checking whether gcc accepts -g
configure:5522: gcc -c   conftest.c >&5
configure:5522: $? = 0
configure:5563: result: yes
configure:5580: checking for gcc option to accept ISO C89
configure:5656: result: none needed
configure:5681: checking whether gcc understands -c and -o together
configure:5718: result: yes
configure:5737: checking dependency style of gcc
configure:5848: result: gcc3
configure:5868: checking how to run the C preprocessor
configure:5899: gcc -E  conftest.c
configure:5899: $? = 0
configure:5913: gcc -E  conftest.c
conftest.c:11:10: fatal error: 'ac_nonexistent.h' file not found
#include <ac_nonexistent.h>
         ^~~~~~~~~~~~~~~~~~
1 error generated.
configure:5913: $? = 1
configure: failed program was:
| /* confdefs.h */
| #define PACKAGE_NAME "Protocol Buffers"
| #define PACKAGE_TARNAME "protobuf"
| #define PACKAGE_VERSION "3.14.0"
| #define PACKAGE_STRING "Protocol Buffers 3.14.0"
| #define PACKAGE_BUGREPORT "protobuf@googlegroups.com"
| #define PACKAGE_URL ""
| #define PACKAGE "protobuf"
| #define VERSION "3.14.0"
| /* end confdefs.h.  */
| #include <ac_nonexistent.h>
configure:5938: result: gcc -E
configure:5958: gcc -E  conftest.c
configure:5958: $? = 0
configure:5972: gcc -E  conftest.c
conftest.c:11:10: fatal error: 'ac_nonexistent.h' file not found
#include <ac_nonexistent.h>
         ^~~~~~~~~~~~~~~~~~
1 error generated.
configure:5972: $? = 1
configure: failed program was:
| /* confdefs.h */
| #define PACKAGE_NAME "Protocol Buffers"
| #define PACKAGE_TARNAME "protobuf"
| #define PACKAGE_VERSION "3.14.0"
| #define PACKAGE_STRING "Protocol Buffers 3.14.0"
| #define PACKAGE_BUGREPORT "protobuf@googlegroups.com"
| #define PACKAGE_URL ""
| #define PACKAGE "protobuf"
| #define VERSION "3.14.0"
| /* end confdefs.h.  */
| #include <ac_nonexistent.h>
configure:6014: checking how to run the C++ preprocessor
configure:6041: g++ -E  conftest.cpp
configure:6041: $? = 0
configure:6055: g++ -E  conftest.cpp
conftest.cpp:11:10: fatal error: 'ac_nonexistent.h' file not found
#include <ac_nonexistent.h>
         ^~~~~~~~~~~~~~~~~~
1 error generated.
configure:6055: $? = 1
configure: failed program was:
| /* confdefs.h */
| #define PACKAGE_NAME "Protocol Buffers"
| #define PACKAGE_TARNAME "protobuf"
| #define PACKAGE_VERSION "3.14.0"
| #define PACKAGE_STRING "Protocol Buffers 3.14.0"
| #define PACKAGE_BUGREPORT "protobuf@googlegroups.com"
| #define PACKAGE_URL ""
| #define PACKAGE "protobuf"
| #define VERSION "3.14.0"
| /* end confdefs.h.  */
| #include <ac_nonexistent.h>
configure:6080: result: g++ -E
configure:6100: g++ -E  conftest.cpp
configure:6100: $? = 0
configure:6114: g++ -E  conftest.cpp
conftest.cpp:11:10: fatal error: 'ac_nonexistent.h' file not found
#include <ac_nonexistent.h>
         ^~~~~~~~~~~~~~~~~~
1 error generated.
configure:6114: $? = 1
configure: failed program was:
| /* confdefs.h */
| #define PACKAGE_NAME "Protocol Buffers"
| #define PACKAGE_TARNAME "protobuf"
| #define PACKAGE_VERSION "3.14.0"
| #define PACKAGE_STRING "Protocol Buffers 3.14.0"
| #define PACKAGE_BUGREPORT "protobuf@googlegroups.com"
| #define PACKAGE_URL ""
| #define PACKAGE "protobuf"
| #define VERSION "3.14.0"
| /* end confdefs.h.  */
| #include <ac_nonexistent.h>
configure:6207: checking for g++
configure:6223: found /usr/bin/g++
configure:6234: result: g++
configure:6261: checking for C++ compiler version
configure:6270: g++ --version >&5
Apple clang version 12.0.0 (clang-1200.0.32.21)
Target: x86_64-apple-darwin19.6.0
Thread model: posix
InstalledDir: /Library/Developer/CommandLineTools/usr/bin
Configured with: --prefix=/Library/Developer/CommandLineTools/usr --with-gxx-include-dir=/Library/Developer/CommandLineTools/SDKs/MacOSX.sdk/usr/include/c++/4.2.1
configure:6281: $? = 0
configure:6270: g++ -v >&5
Configured with: --prefix=/Library/Developer/CommandLineTools/usr --with-gxx-include-dir=/Library/Developer/CommandLineTools/SDKs/MacOSX.sdk/usr/include/c++/4.2.1
Apple clang version 12.0.0 (clang-1200.0.32.21)
Target: x86_64-apple-darwin19.6.0
Thread model: posix
InstalledDir: /Library/Developer/CommandLineTools/usr/bin
configure:6281: $? = 0
configure:6270: g++ -V >&5
clang: error: argument to '-V' is missing (expected 1 value)
clang: error: no input files
configure:6281: $? = 1
configure:6270: g++ -qversion >&5
clang: error: unknown argument '-qversion'; did you mean '--version'?
clang: error: no input files
configure:6281: $? = 1
configure:6285: checking whether we are using the GNU C++ compiler
configure:6313: result: yes
configure:6322: checking whether g++ accepts -g
configure:6342: gcc -c   conftest.cpp >&5
configure:6342: $? = 0
configure:6383: result: yes
configure:6408: checking dependency style of g++
configure:6519: result: gcc3
configure:6539: checking how to run the C++ preprocessor
configure:6566: g++ -E  conftest.cpp
configure:6566: $? = 0
configure:6580: g++ -E  conftest.cpp
conftest.cpp:11:10: fatal error: 'ac_nonexistent.h' file not found
#include <ac_nonexistent.h>
         ^~~~~~~~~~~~~~~~~~
1 error generated.
configure:6580: $? = 1
configure: failed program was:
| /* confdefs.h */
| #define PACKAGE_NAME "Protocol Buffers"
| #define PACKAGE_TARNAME "protobuf"
| #define PACKAGE_VERSION "3.14.0"
| #define PACKAGE_STRING "Protocol Buffers 3.14.0"
| #define PACKAGE_BUGREPORT "protobuf@googlegroups.com"
| #define PACKAGE_URL ""
| #define PACKAGE "protobuf"
| #define VERSION "3.14.0"
| /* end confdefs.h.  */
| #include <ac_nonexistent.h>
configure:6605: result: g++ -E
configure:6625: g++ -E  conftest.cpp
configure:6625: $? = 0
configure:6639: g++ -E  conftest.cpp
conftest.cpp:11:10: fatal error: 'ac_nonexistent.h' file not found
#include <ac_nonexistent.h>
         ^~~~~~~~~~~~~~~~~~
1 error generated.
configure:6639: $? = 1
configure: failed program was:
| /* confdefs.h */
| #define PACKAGE_NAME "Protocol Buffers"
| #define PACKAGE_TARNAME "protobuf"
| #define PACKAGE_VERSION "3.14.0"
| #define PACKAGE_STRING "Protocol Buffers 3.14.0"
| #define PACKAGE_BUGREPORT "protobuf@googlegroups.com"
| #define PACKAGE_URL ""
| #define PACKAGE "protobuf"
| #define VERSION "3.14.0"
| /* end confdefs.h.  */
| #include <ac_nonexistent.h>
configure:6681: checking for grep that handles long lines and -e
configure:6739: result: /usr/bin/grep
configure:6744: checking for egrep
configure:6806: result: /usr/bin/grep -E
configure:6811: checking for ANSI C header files
configure:6831: g++ -c   conftest.cpp >&5
configure:6831: $? = 0
configure:6904: g++ -o conftest    conftest.cpp  >&5
configure:6904: $? = 0
configure:6904: ./conftest
configure:6904: $? = 0
configure:6915: result: yes
configure:6928: checking for sys/types.h
configure:6928: g++ -c   conftest.cpp >&5
configure:6928: $? = 0
configure:6928: result: yes
configure:6928: checking for sys/stat.h
configure:6928: g++ -c   conftest.cpp >&5
configure:6928: $? = 0
configure:6928: result: yes
configure:6928: checking for stdlib.h
configure:6928: g++ -c   conftest.cpp >&5
configure:6928: $? = 0
configure:6928: result: yes
configure:6928: checking for string.h
configure:6928: g++ -c   conftest.cpp >&5
configure:6928: $? = 0
configure:6928: result: yes
configure:6928: checking for memory.h
configure:6928: g++ -c   conftest.cpp >&5
configure:6928: $? = 0
configure:6928: result: yes
configure:6928: checking for strings.h
configure:6928: g++ -c   conftest.cpp >&5
configure:6928: $? = 0
configure:6928: result: yes
configure:6928: checking for inttypes.h
configure:6928: g++ -c   conftest.cpp >&5
configure:6928: $? = 0
configure:6928: result: yes
configure:6928: checking for stdint.h
configure:6928: g++ -c   conftest.cpp >&5
configure:6928: $? = 0
configure:6928: result: yes
configure:6928: checking for unistd.h
configure:6928: g++ -c   conftest.cpp >&5
configure:6928: $? = 0
configure:6928: result: yes
configure:6941: checking minix/config.h usability
configure:6941: g++ -c   conftest.cpp >&5
conftest.cpp:54:10: fatal error: 'minix/config.h' file not found
#include <minix/config.h>
         ^~~~~~~~~~~~~~~~
1 error generated.
configure:6941: $? = 1
configure: failed program was:
| /* confdefs.h */
| #define PACKAGE_NAME "Protocol Buffers"
| #define PACKAGE_TARNAME "protobuf"
| #define PACKAGE_VERSION "3.14.0"
| #define PACKAGE_STRING "Protocol Buffers 3.14.0"
| #define PACKAGE_BUGREPORT "protobuf@googlegroups.com"
| #define PACKAGE_URL ""
| #define PACKAGE "protobuf"
| #define VERSION "3.14.0"
| #define STDC_HEADERS 1
| #define HAVE_SYS_TYPES_H 1
| #define HAVE_SYS_STAT_H 1
| #define HAVE_STDLIB_H 1
| #define HAVE_STRING_H 1
| #define HAVE_MEMORY_H 1
| #define HAVE_STRINGS_H 1
| #define HAVE_INTTYPES_H 1
| #define HAVE_STDINT_H 1
| #define HAVE_UNISTD_H 1
| /* end confdefs.h.  */
| #include <stdio.h>
| #ifdef HAVE_SYS_TYPES_H
| # include <sys/types.h>
| #endif
| #ifdef HAVE_SYS_STAT_H
| # include <sys/stat.h>
| #endif
| #ifdef STDC_HEADERS
| # include <stdlib.h>
| # include <stddef.h>
| #else
| # ifdef HAVE_STDLIB_H
| #  include <stdlib.h>
| # endif
| #endif
| #ifdef HAVE_STRING_H
| # if !defined STDC_HEADERS && defined HAVE_MEMORY_H
| #  include <memory.h>
| # endif
| # include <string.h>
| #endif
| #ifdef HAVE_STRINGS_H
| # include <strings.h>
| #endif
| #ifdef HAVE_INTTYPES_H
| # include <inttypes.h>
| #endif
| #ifdef HAVE_STDINT_H
| # include <stdint.h>
| #endif
| #ifdef HAVE_UNISTD_H
| # include <unistd.h>
| #endif
| #include <minix/config.h>
configure:6941: result: no
configure:6941: checking minix/config.h presence
configure:6941: g++ -E  conftest.cpp
conftest.cpp:21:10: fatal error: 'minix/config.h' file not found
#include <minix/config.h>
         ^~~~~~~~~~~~~~~~
1 error generated.
configure:6941: $? = 1
configure: failed program was:
| /* confdefs.h */
| #define PACKAGE_NAME "Protocol Buffers"
| #define PACKAGE_TARNAME "protobuf"
| #define PACKAGE_VERSION "3.14.0"
| #define PACKAGE_STRING "Protocol Buffers 3.14.0"
| #define PACKAGE_BUGREPORT "protobuf@googlegroups.com"
| #define PACKAGE_URL ""
| #define PACKAGE "protobuf"
| #define VERSION "3.14.0"
| #define STDC_HEADERS 1
| #define HAVE_SYS_TYPES_H 1
| #define HAVE_SYS_STAT_H 1
| #define HAVE_STDLIB_H 1
| #define HAVE_STRING_H 1
| #define HAVE_MEMORY_H 1
| #define HAVE_STRINGS_H 1
| #define HAVE_INTTYPES_H 1
| #define HAVE_STDINT_H 1
| #define HAVE_UNISTD_H 1
| /* end confdefs.h.  */
| #include <minix/config.h>
configure:6941: result: no
configure:6941: checking for minix/config.h
configure:6941: result: no
configure:6962: checking whether it is safe to define __EXTENSIONS__
configure:6980: g++ -c   conftest.cpp >&5
configure:6980: $? = 0
configure:6987: result: yes
configure:7056: checking for ar
configure:7072: found /usr/bin/ar
configure:7083: result: ar
configure:7109: checking the archiver (ar) interface
configure:7125: gcc -c   conftest.c >&5
configure:7125: $? = 0
configure:7127: ar cru libconftest.a conftest.o >&5
configure:7130: $? = 0
configure:7158: result: ar
configure:7240: checking for gcc
configure:7256: found /usr/bin/gcc
configure:7267: result: gcc
configure:7292: checking for Objective C compiler version
configure:7301: gcc --version >&5
Apple clang version 12.0.0 (clang-1200.0.32.21)
Target: x86_64-apple-darwin19.6.0
Thread model: posix
InstalledDir: /Library/Developer/CommandLineTools/usr/bin
Configured with: --prefix=/Library/Developer/CommandLineTools/usr --with-gxx-include-dir=/Library/Developer/CommandLineTools/SDKs/MacOSX.sdk/usr/include/c++/4.2.1
configure:7312: $? = 0
configure:7301: gcc -v >&5
Configured with: --prefix=/Library/Developer/CommandLineTools/usr --with-gxx-include-dir=/Library/Developer/CommandLineTools/SDKs/MacOSX.sdk/usr/include/c++/4.2.1
Apple clang version 12.0.0 (clang-1200.0.32.21)
Target: x86_64-apple-darwin19.6.0
Thread model: posix
InstalledDir: /Library/Developer/CommandLineTools/usr/bin
configure:7312: $? = 0
configure:7301: gcc -V >&5
clang: error: argument to '-V' is missing (expected 1 value)
clang: error: no input files
configure:7312: $? = 1
configure:7301: gcc -qversion >&5
clang: error: unknown argument '-qversion'; did you mean '--version'?
clang: error: no input files
configure:7312: $? = 1
configure:7316: checking whether we are using the GNU Objective C compiler
configure:7335: gcc -c   conftest.m >&5
configure:7335: $? = 0
configure:7344: result: yes
configure:7353: checking whether gcc accepts -g
configure:7373: gcc -c -g  conftest.m >&5
configure:7373: $? = 0
configure:7414: result: yes
configure:7439: checking dependency style of gcc
configure:7548: result: gcc3
configure:7565: checking C++ compiler flags...
configure:7581: result: use default: -O0  -g -std=c++11 -DNDEBUG
configure:7601: checking whether __SUNPRO_CC is declared
configure:7601: g++ -c  -g -std=c++11 -DNDEBUG  conftest.cpp >&5
conftest.cpp:64:10: error: use of undeclared identifier '__SUNPRO_CC'
  (void) __SUNPRO_CC;
         ^
1 error generated.
configure:7601: $? = 1
configure: failed program was:
| /* confdefs.h */
| #define PACKAGE_NAME "Protocol Buffers"
| #define PACKAGE_TARNAME "protobuf"
| #define PACKAGE_VERSION "3.14.0"
| #define PACKAGE_STRING "Protocol Buffers 3.14.0"
| #define PACKAGE_BUGREPORT "protobuf@googlegroups.com"
| #define PACKAGE_URL ""
| #define PACKAGE "protobuf"
| #define VERSION "3.14.0"
| #define STDC_HEADERS 1
| #define HAVE_SYS_TYPES_H 1
| #define HAVE_SYS_STAT_H 1
| #define HAVE_STDLIB_H 1
| #define HAVE_STRING_H 1
| #define HAVE_MEMORY_H 1
| #define HAVE_STRINGS_H 1
| #define HAVE_INTTYPES_H 1
| #define HAVE_STDINT_H 1
| #define HAVE_UNISTD_H 1
| #define __EXTENSIONS__ 1
| #define _ALL_SOURCE 1
| #define _GNU_SOURCE 1
| #define _POSIX_PTHREAD_SEMANTICS 1
| #define _TANDEM_SOURCE 1
| /* end confdefs.h.  */
| #include <stdio.h>
| #ifdef HAVE_SYS_TYPES_H
| # include <sys/types.h>
| #endif
| #ifdef HAVE_SYS_STAT_H
| # include <sys/stat.h>
| #endif
| #ifdef STDC_HEADERS
| # include <stdlib.h>
| # include <stddef.h>
| #else
| # ifdef HAVE_STDLIB_H
| #  include <stdlib.h>
| # endif
| #endif
| #ifdef HAVE_STRING_H
| # if !defined STDC_HEADERS && defined HAVE_MEMORY_H
| #  include <memory.h>
| # endif
| # include <string.h>
| #endif
| #ifdef HAVE_STRINGS_H
| # include <strings.h>
| #endif
| #ifdef HAVE_INTTYPES_H
| # include <inttypes.h>
| #endif
| #ifdef HAVE_STDINT_H
| # include <stdint.h>
| #endif
| #ifdef HAVE_UNISTD_H
| # include <unistd.h>
| #endif
| int
| main ()
| {
| #ifndef __SUNPRO_CC
| #ifdef __cplusplus
|   (void) __SUNPRO_CC;
| #else
|   (void) __SUNPRO_CC;
| #endif
| #endif
| 
|   ;
|   return 0;
| }
configure:7601: result: no
configure:7770: checking how to print strings
configure:7797: result: printf
configure:7818: checking for a sed that does not truncate output
configure:7882: result: /usr/bin/sed
configure:7900: checking for fgrep
configure:7962: result: /usr/bin/grep -F
configure:7997: checking for ld used by gcc
configure:8064: result: /Library/Developer/CommandLineTools/usr/bin/ld
configure:8071: checking if the linker (/Library/Developer/CommandLineTools/usr/bin/ld) is GNU ld
configure:8086: result: no
configure:8098: checking for BSD- or MS-compatible name lister (nm)
configure:8152: result: /usr/bin/nm -B
configure:8282: checking the name lister (/usr/bin/nm -B) interface
configure:8289: g++ -c  -g -std=c++11 -DNDEBUG  conftest.cpp >&5
configure:8292: /usr/bin/nm -B "conftest.o"
configure:8295: output
000000000000022c S _some_variable
configure:8302: result: BSD nm
configure:8305: checking whether ln -s works
configure:8309: result: yes
configure:8317: checking the maximum length of command line arguments
configure:8448: result: 196608
configure:8496: checking how to convert x86_64-apple-darwin19.6.0 file names to x86_64-apple-darwin19.6.0 format
configure:8536: result: func_convert_file_noop
configure:8543: checking how to convert x86_64-apple-darwin19.6.0 file names to toolchain format
configure:8563: result: func_convert_file_noop
configure:8570: checking for /Library/Developer/CommandLineTools/usr/bin/ld option to reload object files
configure:8577: result: -r
configure:8651: checking for objdump
configure:8667: found /usr/bin/objdump
configure:8678: result: objdump
configure:8710: checking how to recognize dependent libraries
configure:8910: result: pass_all
configure:8995: checking for dlltool
configure:9025: result: no
configure:9055: checking how to associate runtime and link libraries
configure:9082: result: printf %s\n
configure:9206: checking for archiver @FILE support
configure:9223: g++ -c  -g -std=c++11 -DNDEBUG  conftest.cpp >&5
configure:9223: $? = 0
configure:9226: ar cru libconftest.a @conftest.lst >&5
ar: @conftest.lst: No such file or directory
configure:9229: $? = 1
configure:9249: result: no
configure:9307: checking for strip
configure:9323: found /usr/bin/strip
configure:9334: result: strip
configure:9406: checking for ranlib
configure:9422: found /usr/bin/ranlib
configure:9433: result: ranlib
configure:9535: checking command to parse /usr/bin/nm -B output from gcc object
configure:9688: g++ -c  -g -std=c++11 -DNDEBUG  conftest.cpp >&5
configure:9691: $? = 0
configure:9695: /usr/bin/nm -B conftest.o \| sed -n -e 's/^.*[ ]\([BCDEGRST][BCDEGRST]*\)[ ][ ]*\([_A-Za-z][_A-Za-z0-9]*\)$/\1 \2 \2/p' | sed '/ __gnu_lto/d' \> conftest.nm
configure:9698: $? = 0
cannot find nm_test_var in conftest.nm
configure:9688: g++ -c  -g -std=c++11 -DNDEBUG  conftest.cpp >&5
configure:9691: $? = 0
configure:9695: /usr/bin/nm -B conftest.o \| sed -n -e 's/^.*[ ]\([BCDEGRST][BCDEGRST]*\)[ ][ ]*_\([_A-Za-z][_A-Za-z0-9]*\)$/\1 _\2 \2/p' | sed '/ __gnu_lto/d' \> conftest.nm
configure:9698: $? = 0
configure:9764: g++ -o conftest  -g -std=c++11 -DNDEBUG   conftest.cpp conftstm.o >&5
configure:9767: $? = 0
configure:9805: result: ok
configure:9852: checking for sysroot
configure:9882: result: no
configure:9889: checking for a working dd
configure:9927: result: /bin/dd
configure:9931: checking how to truncate binary pipes
configure:9946: result: /bin/dd bs=4096 count=1
configure:10275: checking for mt
configure:10305: result: no
configure:10325: checking if : is a manifest tool
configure:10331: : '-?'
configure:10339: result: no
configure:10395: checking for dsymutil
configure:10411: found /usr/bin/dsymutil
configure:10422: result: dsymutil
configure:10487: checking for nmedit
configure:10503: found /usr/bin/nmedit
configure:10514: result: nmedit
configure:10579: checking for lipo
configure:10595: found /usr/bin/lipo
configure:10606: result: lipo
configure:10671: checking for otool
configure:10687: found /usr/bin/otool
configure:10698: result: otool
configure:10763: checking for otool64
configure:10793: result: no
configure:10838: checking for -single_module linker flag
gcc   -o libconftest.dylib -dynamiclib -Wl,-single_module conftest.c
configure:10871: result: yes
configure:10874: checking for -exported_symbols_list linker flag
configure:10894: g++ -o conftest  -g -std=c++11 -DNDEBUG   -Wl,-exported_symbols_list,conftest.sym conftest.cpp  >&5
configure:10894: $? = 0
configure:10904: result: yes
configure:10907: checking for -force_load linker flag
gcc  -c -o conftest.o conftest.c
ar cru libconftest.a conftest.o
ranlib libconftest.a
gcc   -o conftest conftest.c -Wl,-force_load,./libconftest.a
configure:10939: result: yes
configure:11008: checking for dlfcn.h
configure:11008: g++ -c  -g -std=c++11 -DNDEBUG  conftest.cpp >&5
configure:11008: $? = 0
configure:11008: result: yes
configure:11274: checking for objdir
configure:11289: result: .libs
configure:11553: checking if gcc supports -fno-rtti -fno-exceptions
configure:11571: gcc -c   -fno-rtti -fno-exceptions conftest.c >&5
configure:11575: $? = 0
configure:11588: result: yes
configure:11946: checking for gcc option to produce PIC
configure:11953: result: -fno-common -DPIC
configure:11961: checking if gcc PIC flag -fno-common -DPIC works
configure:11979: gcc -c   -fno-common -DPIC -DPIC conftest.c >&5
configure:11983: $? = 0
configure:11996: result: yes
configure:12025: checking if gcc static flag -static works
configure:12053: result: no
configure:12068: checking if gcc supports -c -o file.o
configure:12089: gcc -c   -o out/conftest2.o conftest.c >&5
configure:12093: $? = 0
configure:12115: result: yes
configure:12123: checking if gcc supports -c -o file.o
configure:12170: result: yes
configure:12203: checking whether the gcc linker (/Library/Developer/CommandLineTools/usr/bin/ld) supports shared libraries
configure:13462: result: yes
configure:13702: checking dynamic linker characteristics
configure:14520: result: darwin19.6.0 dyld
configure:14642: checking how to hardcode library paths into programs
configure:14667: result: immediate
configure:15215: checking whether stripping libraries is possible
configure:15229: result: yes
configure:15255: checking if libtool supports shared libraries
configure:15257: result: yes
configure:15260: checking whether to build shared libraries
configure:15285: result: yes
configure:15288: checking whether to build static libraries
configure:15292: result: yes
configure:15315: checking how to run the C++ preprocessor
configure:15381: result: g++ -E
configure:15401: g++ -E  conftest.cpp
configure:15401: $? = 0
configure:15415: g++ -E  conftest.cpp
conftest.cpp:28:10: fatal error: 'ac_nonexistent.h' file not found
#include <ac_nonexistent.h>
         ^~~~~~~~~~~~~~~~~~
1 error generated.
configure:15415: $? = 1
configure: failed program was:
| /* confdefs.h */
| #define PACKAGE_NAME "Protocol Buffers"
| #define PACKAGE_TARNAME "protobuf"
| #define PACKAGE_VERSION "3.14.0"
| #define PACKAGE_STRING "Protocol Buffers 3.14.0"
| #define PACKAGE_BUGREPORT "protobuf@googlegroups.com"
| #define PACKAGE_URL ""
| #define PACKAGE "protobuf"
| #define VERSION "3.14.0"
| #define STDC_HEADERS 1
| #define HAVE_SYS_TYPES_H 1
| #define HAVE_SYS_STAT_H 1
| #define HAVE_STDLIB_H 1
| #define HAVE_STRING_H 1
| #define HAVE_MEMORY_H 1
| #define HAVE_STRINGS_H 1
| #define HAVE_INTTYPES_H 1
| #define HAVE_STDINT_H 1
| #define HAVE_UNISTD_H 1
| #define __EXTENSIONS__ 1
| #define _ALL_SOURCE 1
| #define _GNU_SOURCE 1
| #define _POSIX_PTHREAD_SEMANTICS 1
| #define _TANDEM_SOURCE 1
| #define HAVE_DLFCN_H 1
| #define LT_OBJDIR ".libs/"
| /* end confdefs.h.  */
| #include <ac_nonexistent.h>
configure:15577: checking for ld used by g++
configure:15644: result: /Library/Developer/CommandLineTools/usr/bin/ld
configure:15651: checking if the linker (/Library/Developer/CommandLineTools/usr/bin/ld) is GNU ld
configure:15666: result: no
configure:15721: checking whether the g++ linker (/Library/Developer/CommandLineTools/usr/bin/ld) supports shared libraries
configure:16794: result: yes
configure:16830: g++ -c  -g -std=c++11 -DNDEBUG  conftest.cpp >&5
configure:16833: $? = 0
configure:17314: checking for g++ option to produce PIC
configure:17321: result: -fno-common -DPIC
configure:17329: checking if g++ PIC flag -fno-common -DPIC works
configure:17347: g++ -c  -g -std=c++11 -DNDEBUG  -fno-common -DPIC -DPIC conftest.cpp >&5
configure:17351: $? = 0
configure:17364: result: yes
configure:17387: checking if g++ static flag -static works
configure:17415: result: no
configure:17427: checking if g++ supports -c -o file.o
configure:17448: g++ -c  -g -std=c++11 -DNDEBUG  -o out/conftest2.o conftest.cpp >&5
configure:17452: $? = 0
configure:17474: result: yes
configure:17479: checking if g++ supports -c -o file.o
configure:17526: result: yes
configure:17556: checking whether the g++ linker (/Library/Developer/CommandLineTools/usr/bin/ld) supports shared libraries
configure:17596: result: yes
configure:17737: checking dynamic linker characteristics
configure:18482: result: darwin19.6.0 dyld
configure:18547: checking how to hardcode library paths into programs
configure:18572: result: immediate
configure:18635: checking whether the linker supports version scripts
configure:18651: g++ -o conftest  -g -std=c++11 -DNDEBUG   -Wl,--version-script=conftest.map conftest.cpp  >&5
ld: unknown option: --version-script=conftest.map
clang: error: linker command failed with exit code 1 (use -v to see invocation)
configure:18651: $? = 1
configure: failed program was:
| /* confdefs.h */
| #define PACKAGE_NAME "Protocol Buffers"
| #define PACKAGE_TARNAME "protobuf"
| #define PACKAGE_VERSION "3.14.0"
| #define PACKAGE_STRING "Protocol Buffers 3.14.0"
| #define PACKAGE_BUGREPORT "protobuf@googlegroups.com"
| #define PACKAGE_URL ""
| #define PACKAGE "protobuf"
| #define VERSION "3.14.0"
| #define STDC_HEADERS 1
| #define HAVE_SYS_TYPES_H 1
| #define HAVE_SYS_STAT_H 1
| #define HAVE_STDLIB_H 1
| #define HAVE_STRING_H 1
| #define HAVE_MEMORY_H 1
| #define HAVE_STRINGS_H 1
| #define HAVE_INTTYPES_H 1
| #define HAVE_STDINT_H 1
| #define HAVE_UNISTD_H 1
| #define __EXTENSIONS__ 1
| #define _ALL_SOURCE 1
| #define _GNU_SOURCE 1
| #define _POSIX_PTHREAD_SEMANTICS 1
| #define _TANDEM_SOURCE 1
| #define HAVE_DLFCN_H 1
| #define LT_OBJDIR ".libs/"
| /* end confdefs.h.  */
| int main() { return 0; }
configure:18655: result: no
configure:18671: checking for ANSI C header files
configure:18775: result: yes
configure:18786: checking fcntl.h usability
configure:18786: g++ -c  -g -std=c++11 -DNDEBUG  conftest.cpp >&5
configure:18786: $? = 0
configure:18786: result: yes
configure:18786: checking fcntl.h presence
configure:18786: g++ -E  conftest.cpp
configure:18786: $? = 0
configure:18786: result: yes
configure:18786: checking for fcntl.h
configure:18786: result: yes
configure:18786: checking for inttypes.h
configure:18786: result: yes
configure:18786: checking limits.h usability
configure:18786: g++ -c  -g -std=c++11 -DNDEBUG  conftest.cpp >&5
configure:18786: $? = 0
configure:18786: result: yes
configure:18786: checking limits.h presence
configure:18786: g++ -E  conftest.cpp
configure:18786: $? = 0
configure:18786: result: yes
configure:18786: checking for limits.h
configure:18786: result: yes
configure:18786: checking for stdlib.h
configure:18786: result: yes
configure:18786: checking for unistd.h
configure:18786: result: yes
configure:18798: checking for working memcmp
configure:18841: g++ -o conftest  -g -std=c++11 -DNDEBUG   conftest.cpp  >&5
configure:18841: $? = 0
configure:18841: ./conftest
configure:18841: $? = 0
configure:18851: result: yes
configure:18860: checking for working strtod
configure:18901: g++ -o conftest  -g -std=c++11 -DNDEBUG   conftest.cpp  >&5
conftest.cpp:76:20: warning: ISO C++11 does not allow conversion from string literal to 'char *' [-Wwritable-strings]
    char *string = " +69";
                   ^
conftest.cpp:87:20: warning: ISO C++11 does not allow conversion from string literal to 'char *' [-Wwritable-strings]
    char *string = "NaN";
                   ^
2 warnings generated.
configure:18901: $? = 0
configure:18901: ./conftest
configure:18901: $? = 0
configure:18911: result: yes
configure:18976: checking for ftruncate
configure:18976: g++ -o conftest  -g -std=c++11 -DNDEBUG   conftest.cpp  >&5
configure:18976: $? = 0
configure:18976: result: yes
configure:18976: checking for memset
configure:18976: g++ -o conftest  -g -std=c++11 -DNDEBUG   conftest.cpp  >&5
configure:18976: $? = 0
configure:18976: result: yes
configure:18976: checking for mkdir
configure:18976: g++ -o conftest  -g -std=c++11 -DNDEBUG   conftest.cpp  >&5
configure:18976: $? = 0
configure:18976: result: yes
configure:18976: checking for strchr
configure:18976: g++ -o conftest  -g -std=c++11 -DNDEBUG   conftest.cpp  >&5
configure:18976: $? = 0
configure:18976: result: yes
configure:18976: checking for strerror
configure:18976: g++ -o conftest  -g -std=c++11 -DNDEBUG   conftest.cpp  >&5
configure:18976: $? = 0
configure:18976: result: yes
configure:18976: checking for strtol
configure:18976: g++ -o conftest  -g -std=c++11 -DNDEBUG   conftest.cpp  >&5
configure:18976: $? = 0
configure:18976: result: yes
configure:18990: checking zlib version
configure:19010: g++ -c  -g -std=c++11 -DNDEBUG  conftest.cpp >&5
configure:19010: $? = 0
configure:19012: result: ok (1.2.0.4 or later)
configure:19016: checking for library containing zlibVersion
configure:19047: g++ -o conftest  -g -std=c++11 -DNDEBUG   conftest.cpp  >&5
Undefined symbols for architecture x86_64:
  "_zlibVersion", referenced from:
      _main in conftest-9a10f8.o
ld: symbol(s) not found for architecture x86_64
clang: error: linker command failed with exit code 1 (use -v to see invocation)
configure:19047: $? = 1
configure: failed program was:
| /* confdefs.h */
| #define PACKAGE_NAME "Protocol Buffers"
| #define PACKAGE_TARNAME "protobuf"
| #define PACKAGE_VERSION "3.14.0"
| #define PACKAGE_STRING "Protocol Buffers 3.14.0"
| #define PACKAGE_BUGREPORT "protobuf@googlegroups.com"
| #define PACKAGE_URL ""
| #define PACKAGE "protobuf"
| #define VERSION "3.14.0"
| #define STDC_HEADERS 1
| #define HAVE_SYS_TYPES_H 1
| #define HAVE_SYS_STAT_H 1
| #define HAVE_STDLIB_H 1
| #define HAVE_STRING_H 1
| #define HAVE_MEMORY_H 1
| #define HAVE_STRINGS_H 1
| #define HAVE_INTTYPES_H 1
| #define HAVE_STDINT_H 1
| #define HAVE_UNISTD_H 1
| #define __EXTENSIONS__ 1
| #define _ALL_SOURCE 1
| #define _GNU_SOURCE 1
| #define _POSIX_PTHREAD_SEMANTICS 1
| #define _TANDEM_SOURCE 1
| #define HAVE_DLFCN_H 1
| #define LT_OBJDIR ".libs/"
| #define STDC_HEADERS 1
| #define HAVE_FCNTL_H 1
| #define HAVE_INTTYPES_H 1
| #define HAVE_LIMITS_H 1
| #define HAVE_STDLIB_H 1
| #define HAVE_UNISTD_H 1
| #define HAVE_FTRUNCATE 1
| #define HAVE_MEMSET 1
| #define HAVE_MKDIR 1
| #define HAVE_STRCHR 1
| #define HAVE_STRERROR 1
| #define HAVE_STRTOL 1
| /* end confdefs.h.  */
| 
| /* Override any GCC internal prototype to avoid an error.
|    Use char because int might match the return type of a GCC
|    builtin and then its argument prototype would still apply.  */
| #ifdef __cplusplus
| extern "C"
| #endif
| char zlibVersion ();
| int
| main ()
| {
| return zlibVersion ();
|   ;
|   return 0;
| }
configure:19047: g++ -o conftest  -g -std=c++11 -DNDEBUG   conftest.cpp -lz   >&5
configure:19047: $? = 0
configure:19064: result: -lz
configure:19127: checking whether g++ supports C++11 features by default
configure:19440: g++ -c  -g -std=c++11 -DNDEBUG  conftest.cpp >&5
configure:19440: $? = 0
configure:19447: result: yes
configure:19824: checking whether -latomic is needed
configure:19837: g++ -o conftest  -g -std=c++11 -DNDEBUG   conftest.cpp -lz  >&5
configure:19837: $? = 0
configure:19844: result: no
configure:20067: checking whether gcc is Clang
configure:20092: result: yes
configure:20139: checking whether Clang needs flag to prevent "argument unused" warning when linking with -pthread
configure:20164: gcc -o conftest -Werror -Wunknown-warning-option  -pthread    conftest.c -lz  >&5
configure:20164: $? = 0
configure:20170: (gcc -c -Werror -Wunknown-warning-option  -pthread   conftest.c >&5) && (echo ==== >&5) && (gcc -o conftest -Werror -Wunknown-warning-option  -pthread    conftest.o -lz  >&5)
====
configure:20170: $? = 0
configure:20188: result: no
configure:20337: checking for joinable pthread attribute
configure:20355: gcc -o conftest  -pthread   conftest.c  -lz  >&5
configure:20355: $? = 0
configure:20363: result: PTHREAD_CREATE_JOINABLE
configure:20377: checking whether more special flags are required for pthreads
configure:20390: result: no
configure:20398: checking for PTHREAD_PRIO_INHERIT
configure:20414: gcc -o conftest  -pthread   conftest.c  -lz  >&5
configure:20414: $? = 0
configure:20423: result: yes
configure:20535: checking the location of hash_map
configure:20561: g++ -c  -g -std=c++11 -DNDEBUG  conftest.cpp >&5
configure:20561: $? = 0
configure:20583: g++ -c  -g -std=c++11 -DNDEBUG  conftest.cpp >&5
configure:20583: $? = 0
configure:20650: result: <unordered_map>
configure:20801: checking that generated files are newer than configure
configure:20807: result: done
configure:20870: creating ./config.status

## ---------------------- ##
## Running config.status. ##
## ---------------------- ##

This file was extended by Protocol Buffers config.status 3.14.0, which was
generated by GNU Autoconf 2.69.  Invocation command line was

  CONFIG_FILES    = 
  CONFIG_HEADERS  = 
  CONFIG_LINKS    = 
  CONFIG_COMMANDS = 
  $ ./config.status 

on bogon

config.status:1226: creating Makefile
config.status:1226: creating src/Makefile
config.status:1226: creating benchmarks/Makefile
config.status:1226: creating conformance/Makefile
config.status:1226: creating protobuf.pc
config.status:1226: creating protobuf-lite.pc
config.status:1226: creating config.h
config.status:1407: config.h is unchanged
config.status:1455: executing depfiles commands
config.status:1532: cd src       && sed -e '/# am--include-marker/d' Makefile         | make -f - am--depfiles
make: Nothing to be done for `am--depfiles'.
config.status:1537: $? = 0
config.status:1532: cd benchmarks       && sed -e '/# am--include-marker/d' Makefile         | make -f - am--depfiles
make: Nothing to be done for `am--depfiles'.
config.status:1537: $? = 0
config.status:1532: cd conformance       && sed -e '/# am--include-marker/d' Makefile         | make -f - am--depfiles
make: Nothing to be done for `am--depfiles'.
config.status:1537: $? = 0
config.status:1455: executing libtool commands
configure:23352: === configuring in third_party/googletest (/Users/mac/Desktop/damonpeng/protobuf-3.14.0/third_party/googletest)
configure:23401: WARNING: no configuration information is in third_party/googletest

## ---------------- ##
## Cache variables. ##
## ---------------- ##

ac_cv_build=x86_64-apple-darwin19.6.0
ac_cv_build_prog_CPP='gcc -E'
ac_cv_build_prog_CXXCPP='g++ -E'
ac_cv_build_prog_cc_g=yes
ac_cv_build_prog_cxx_g=yes
ac_cv_c_compiler_gnu=yes
ac_cv_cxx_compiler_gnu=yes
ac_cv_cxx_hash_map='<unordered_map>'
ac_cv_cxx_hash_map_class=unordered_map
ac_cv_cxx_hash_namespace=std
ac_cv_cxx_hash_set='<unordered_set>'
ac_cv_cxx_hash_set_class=unordered_set
ac_cv_env_CCC_set=
ac_cv_env_CCC_value=
ac_cv_env_CC_set=
ac_cv_env_CC_value=
ac_cv_env_CFLAGS_set=
ac_cv_env_CFLAGS_value=
ac_cv_env_CPPFLAGS_set=
ac_cv_env_CPPFLAGS_value=
ac_cv_env_CPP_set=
ac_cv_env_CPP_value=
ac_cv_env_CXXCPP_set=
ac_cv_env_CXXCPP_value=
ac_cv_env_CXXFLAGS_set=
ac_cv_env_CXXFLAGS_value=
ac_cv_env_CXX_set=
ac_cv_env_CXX_value=
ac_cv_env_DIST_LANG_set=
ac_cv_env_DIST_LANG_value=
ac_cv_env_LDFLAGS_set=
ac_cv_env_LDFLAGS_value=
ac_cv_env_LIBS_set=
ac_cv_env_LIBS_value=
ac_cv_env_LT_SYS_LIBRARY_PATH_set=
ac_cv_env_LT_SYS_LIBRARY_PATH_value=
ac_cv_env_OBJCFLAGS_set=
ac_cv_env_OBJCFLAGS_value=
ac_cv_env_OBJC_set=
ac_cv_env_OBJC_value=
ac_cv_env_build_alias_set=
ac_cv_env_build_alias_value=
ac_cv_env_host_alias_set=
ac_cv_env_host_alias_value=
ac_cv_env_target_alias_set=
ac_cv_env_target_alias_value=
ac_cv_func_ftruncate=yes
ac_cv_func_memcmp_working=yes
ac_cv_func_memset=yes
ac_cv_func_mkdir=yes
ac_cv_func_strchr=yes
ac_cv_func_strerror=yes
ac_cv_func_strtod=yes
ac_cv_func_strtol=yes
ac_cv_have_decl___SUNPRO_CC=no
ac_cv_header_dlfcn_h=yes
ac_cv_header_fcntl_h=yes
ac_cv_header_inttypes_h=yes
ac_cv_header_limits_h=yes
ac_cv_header_memory_h=yes
ac_cv_header_minix_config_h=no
ac_cv_header_stdc=yes
ac_cv_header_stdint_h=yes
ac_cv_header_stdlib_h=yes
ac_cv_header_string_h=yes
ac_cv_header_strings_h=yes
ac_cv_header_sys_stat_h=yes
ac_cv_header_sys_types_h=yes
ac_cv_header_unistd_h=yes
ac_cv_host=x86_64-apple-darwin19.6.0
ac_cv_objc_compiler_gnu=yes
ac_cv_objext=o
ac_cv_path_EGREP='/usr/bin/grep -E'
ac_cv_path_FGREP='/usr/bin/grep -F'
ac_cv_path_GREP=/usr/bin/grep
ac_cv_path_SED=/usr/bin/sed
ac_cv_path_install='/usr/bin/install -c'
ac_cv_path_lt_DD=/bin/dd
ac_cv_prog_AWK=awk
ac_cv_prog_CPP='gcc -E'
ac_cv_prog_CXXCPP='g++ -E'
ac_cv_prog_ac_ct_AR=ar
ac_cv_prog_ac_ct_CC=gcc
ac_cv_prog_ac_ct_CC_FOR_BUILD=gcc
ac_cv_prog_ac_ct_CXX=g++
ac_cv_prog_ac_ct_CXX_FOR_BUILD=g++
ac_cv_prog_ac_ct_DSYMUTIL=dsymutil
ac_cv_prog_ac_ct_LIPO=lipo
ac_cv_prog_ac_ct_NMEDIT=nmedit
ac_cv_prog_ac_ct_OBJC=gcc
ac_cv_prog_ac_ct_OBJDUMP=objdump
ac_cv_prog_ac_ct_OTOOL=otool
ac_cv_prog_ac_ct_RANLIB=ranlib
ac_cv_prog_ac_ct_STRIP=strip
ac_cv_prog_cc_c89=
ac_cv_prog_cc_g=yes
ac_cv_prog_cxx_g=yes
ac_cv_prog_make_make_set=yes
ac_cv_prog_objc_g=yes
ac_cv_safe_to_define___extensions__=yes
ac_cv_search_zlibVersion=-lz
ac_cv_target=x86_64-apple-darwin19.6.0
am_cv_CC_dependencies_compiler_type=gcc3
am_cv_CXX_dependencies_compiler_type=gcc3
am_cv_OBJC_dependencies_compiler_type=gcc3
am_cv_ar_interface=ar
am_cv_make_support_nested_variables=yes
am_cv_prog_cc_c_o=yes
am_cv_prog_tar_ustar=gnutar
ax_cv_PTHREAD_CLANG=yes
ax_cv_PTHREAD_CLANG_NO_WARN_FLAG=no
ax_cv_PTHREAD_JOINABLE_ATTR=PTHREAD_CREATE_JOINABLE
ax_cv_PTHREAD_PRIO_INHERIT=yes
ax_cv_PTHREAD_SPECIAL_FLAGS=no
ax_cv_cxx_compile_cxx11=yes
lt_cv_apple_cc_single_mod=yes
lt_cv_ar_at_file=no
lt_cv_deplibs_check_method=pass_all
lt_cv_file_magic_cmd='$MAGIC_CMD'
lt_cv_file_magic_test_file=
lt_cv_ld_exported_symbols_list=yes
lt_cv_ld_force_load=yes
lt_cv_ld_reload_flag=-r
lt_cv_nm_interface='BSD nm'
lt_cv_objdir=.libs
lt_cv_path_LD=/Library/Developer/CommandLineTools/usr/bin/ld
lt_cv_path_LDCXX=/Library/Developer/CommandLineTools/usr/bin/ld
lt_cv_path_NM='/usr/bin/nm -B'
lt_cv_path_mainfest_tool=no
lt_cv_prog_compiler_c_o=yes
lt_cv_prog_compiler_c_o_CXX=yes
lt_cv_prog_compiler_pic='-fno-common -DPIC'
lt_cv_prog_compiler_pic_CXX='-fno-common -DPIC'
lt_cv_prog_compiler_pic_works=yes
lt_cv_prog_compiler_pic_works_CXX=yes
lt_cv_prog_compiler_rtti_exceptions=yes
lt_cv_prog_compiler_static_works=no
lt_cv_prog_compiler_static_works_CXX=no
lt_cv_prog_gnu_ld=no
lt_cv_prog_gnu_ldcxx=no
lt_cv_sharedlib_from_linklib_cmd='printf %s\n'
lt_cv_sys_global_symbol_pipe='sed -n -e '\''s/^.*[	 ]\([BCDEGRST][BCDEGRST]*\)[	 ][	 ]*_\([_A-Za-z][_A-Za-z0-9]*\)$/\1 _\2 \2/p'\'' | sed '\''/ __gnu_lto/d'\'''
lt_cv_sys_global_symbol_to_c_name_address='sed -n -e '\''s/^: \(.*\) .*$/  {"\1", (void *) 0},/p'\'' -e '\''s/^[BCDEGRST][BCDEGRST]* .* \(.*\)$/  {"\1", (void *) \&\1},/p'\'''
lt_cv_sys_global_symbol_to_c_name_address_lib_prefix='sed -n -e '\''s/^: \(.*\) .*$/  {"\1", (void *) 0},/p'\'' -e '\''s/^[BCDEGRST][BCDEGRST]* .* \(lib.*\)$/  {"\1", (void *) \&\1},/p'\'' -e '\''s/^[BCDEGRST][BCDEGRST]* .* \(.*\)$/  {"lib\1", (void *) \&\1},/p'\'''
lt_cv_sys_global_symbol_to_cdecl='sed -n -e '\''s/^T .* \(.*\)$/extern int \1();/p'\'' -e '\''s/^[BCDEGRST][BCDEGRST]* .* \(.*\)$/extern char \1;/p'\'''
lt_cv_sys_global_symbol_to_import=
lt_cv_sys_max_cmd_len=196608
lt_cv_to_host_file_cmd=func_convert_file_noop
lt_cv_to_tool_file_cmd=func_convert_file_noop
lt_cv_truncate_bin='/bin/dd bs=4096 count=1'

## ----------------- ##
## Output variables. ##
## ----------------- ##

ACLOCAL='${SHELL} '\''/Users/mac/Desktop/damonpeng/protobuf-3.14.0/missing'\'' aclocal-1.16'
AMDEPBACKSLASH='\'
AMDEP_FALSE='#'
AMDEP_TRUE=''
AMTAR='$${TAR-tar}'
AM_BACKSLASH='\'
AM_DEFAULT_V='$(AM_DEFAULT_VERBOSITY)'
AM_DEFAULT_VERBOSITY='0'
AM_V='$(V)'
AR='ar'
AUTOCONF='${SHELL} '\''/Users/mac/Desktop/damonpeng/protobuf-3.14.0/missing'\'' autoconf'
AUTOHEADER='${SHELL} '\''/Users/mac/Desktop/damonpeng/protobuf-3.14.0/missing'\'' autoheader'
AUTOMAKE='${SHELL} '\''/Users/mac/Desktop/damonpeng/protobuf-3.14.0/missing'\'' automake-1.16'
AWK='awk'
BUILD_EXEEXT=''
BUILD_OBJEXT=''
CC='gcc'
CCDEPMODE='depmode=gcc3'
CC_FOR_BUILD='gcc'
CFLAGS=''
CFLAGS_FOR_BUILD='-g -O0'
CPP='gcc -E'
CPPFLAGS=''
CPPFLAGS_FOR_BUILD=''
CPP_FOR_BUILD='gcc -E'
CXX='g++'
CXXCPP='g++ -E'
CXXCPPFLAGS_FOR_BUILD=''
CXXCPP_FOR_BUILD='g++ -E'
CXXDEPMODE='depmode=gcc3'
CXXFLAGS=' -g -std=c++11 -DNDEBUG'
CXXFLAGS_FOR_BUILD='-g -O0'
CXX_FOR_BUILD='g++'
CYGPATH_W='echo'
DEFS='-DHAVE_CONFIG_H'
DEPDIR='.deps'
DIST_LANG='all'
DLLTOOL='false'
DSYMUTIL='dsymutil'
DUMPBIN=''
ECHO_C='\c'
ECHO_N=''
ECHO_T=''
EGREP='/usr/bin/grep -E'
EXEEXT=''
FGREP='/usr/bin/grep -F'
GCC_FALSE='#'
GCC_TRUE=''
GREP='/usr/bin/grep'
HAVE_CXX11='1'
HAVE_LD_VERSION_SCRIPT_FALSE=''
HAVE_LD_VERSION_SCRIPT_TRUE='#'
HAVE_PTHREAD_FALSE='#'
HAVE_PTHREAD_TRUE=''
HAVE_ZLIB_FALSE='#'
HAVE_ZLIB_TRUE=''
INSTALL_DATA='${INSTALL} -m 644'
INSTALL_PROGRAM='${INSTALL}'
INSTALL_SCRIPT='${INSTALL}'
INSTALL_STRIP_PROGRAM='$(install_sh) -c -s'
ISAINFO=''
LD='/Library/Developer/CommandLineTools/usr/bin/ld'
LDFLAGS=''
LDFLAGS_FOR_BUILD=''
LIBATOMIC_LIBS=''
LIBOBJS=''
LIBS='-lz '
LIBTOOL='$(SHELL) $(top_builddir)/libtool'
LIPO='lipo'
LN_S='ln -s'
LTLIBOBJS=''
LT_SYS_LIBRARY_PATH=''
MAINT=''
MAINTAINER_MODE_FALSE='#'
MAINTAINER_MODE_TRUE=''
MAKEINFO='${SHELL} '\''/Users/mac/Desktop/damonpeng/protobuf-3.14.0/missing'\'' makeinfo'
MANIFEST_TOOL=':'
MKDIR_P='./install-sh -c -d'
NM='/usr/bin/nm -B'
NMEDIT='nmedit'
OBJC='gcc'
OBJCDEPMODE='depmode=gcc3'
OBJCFLAGS='-g -O0'
OBJC_CONFORMANCE_TEST_FALSE='#'
OBJC_CONFORMANCE_TEST_TRUE=''
OBJDUMP='objdump'
OBJEXT='o'
OTOOL64=':'
OTOOL='otool'
PACKAGE='protobuf'
PACKAGE_BUGREPORT='protobuf@googlegroups.com'
PACKAGE_NAME='Protocol Buffers'
PACKAGE_STRING='Protocol Buffers 3.14.0'
PACKAGE_TARNAME='protobuf'
PACKAGE_URL=''
PACKAGE_VERSION='3.14.0'
PATH_SEPARATOR=':'
POW_LIB=''
PROTOBUF_OPT_FLAG='-O0'
PROTOC=''
PTHREAD_CC='gcc'
PTHREAD_CFLAGS='-pthread'
PTHREAD_LIBS=''
RANLIB='ranlib'
SED='/usr/bin/sed'
SET_MAKE=''
SHELL='/bin/sh'
STRIP='strip'
USE_EXTERNAL_PROTOC_FALSE=''
USE_EXTERNAL_PROTOC_TRUE='#'
VERSION='3.14.0'
ac_ct_AR='ar'
ac_ct_CC='gcc'
ac_ct_CC_FOR_BUILD='gcc'
ac_ct_CXX='g++'
ac_ct_CXX_FOR_BUILD='g++'
ac_ct_DUMPBIN=''
ac_ct_OBJC='gcc'
am__EXEEXT_FALSE=''
am__EXEEXT_TRUE='#'
am__fastdepCC_FALSE='#'
am__fastdepCC_TRUE=''
am__fastdepCXX_FALSE='#'
am__fastdepCXX_TRUE=''
am__fastdepOBJC_FALSE='#'
am__fastdepOBJC_TRUE=''
am__include='include'
am__isrc=''
am__leading_dot='.'
am__nodep='_no'
am__quote=''
am__tar='tar --format=ustar -chf - "$$tardir"'
am__untar='tar -xf -'
ax_pthread_config=''
bindir='${exec_prefix}/bin'
build='x86_64-apple-darwin19.6.0'
build_alias=''
build_cpu='x86_64'
build_os='darwin19.6.0'
build_vendor='apple'
datadir='${datarootdir}'
datarootdir='${prefix}/share'
docdir='${datarootdir}/doc/${PACKAGE_TARNAME}'
dvidir='${docdir}'
exec_prefix='${prefix}'
host='x86_64-apple-darwin19.6.0'
host_alias=''
host_cpu='x86_64'
host_os='darwin19.6.0'
host_vendor='apple'
htmldir='${docdir}'
includedir='${prefix}/include'
infodir='${datarootdir}/info'
install_sh='${SHELL} /Users/mac/Desktop/damonpeng/protobuf-3.14.0/install-sh'
libdir='${exec_prefix}/lib'
libexecdir='${exec_prefix}/libexec'
localedir='${datarootdir}/locale'
localstatedir='${prefix}/var'
mandir='${datarootdir}/man'
mkdir_p='$(MKDIR_P)'
oldincludedir='/usr/include'
pdfdir='${docdir}'
prefix='/usr/local'
program_transform_name='s,x,x,'
psdir='${docdir}'
sbindir='${exec_prefix}/sbin'
sharedstatedir='${prefix}/com'
subdirs=' third_party/googletest'
sysconfdir='${prefix}/etc'
target='x86_64-apple-darwin19.6.0'
target_alias=''
target_cpu='x86_64'
target_os='darwin19.6.0'
target_vendor='apple'

## ----------- ##
## confdefs.h. ##
## ----------- ##

/* confdefs.h */
#define PACKAGE_NAME "Protocol Buffers"
#define PACKAGE_TARNAME "protobuf"
#define PACKAGE_VERSION "3.14.0"
#define PACKAGE_STRING "Protocol Buffers 3.14.0"
#define PACKAGE_BUGREPORT "protobuf@googlegroups.com"
#define PACKAGE_URL ""
#define PACKAGE "protobuf"
#define VERSION "3.14.0"
#define STDC_HEADERS 1
#define HAVE_SYS_TYPES_H 1
#define HAVE_SYS_STAT_H 1
#define HAVE_STDLIB_H 1
#define HAVE_STRING_H 1
#define HAVE_MEMORY_H 1
#define HAVE_STRINGS_H 1
#define HAVE_INTTYPES_H 1
#define HAVE_STDINT_H 1
#define HAVE_UNISTD_H 1
#define __EXTENSIONS__ 1
#define _ALL_SOURCE 1
#define _GNU_SOURCE 1
#define _POSIX_PTHREAD_SEMANTICS 1
#define _TANDEM_SOURCE 1
#define HAVE_DLFCN_H 1
#define LT_OBJDIR ".libs/"
#define STDC_HEADERS 1
#define HAVE_FCNTL_H 1
#define HAVE_INTTYPES_H 1
#define HAVE_LIMITS_H 1
#define HAVE_STDLIB_H 1
#define HAVE_UNISTD_H 1
#define HAVE_FTRUNCATE 1
#define HAVE_MEMSET 1
#define HAVE_MKDIR 1
#define HAVE_STRCHR 1
#define HAVE_STRERROR 1
#define HAVE_STRTOL 1
#define HAVE_ZLIB 1
#define HAVE_CXX11 1
#define HAVE_PTHREAD_PRIO_INHERIT 1
#define HAVE_PTHREAD 1
#define HAVE_HASH_MAP 1
#define HAVE_HASH_SET 1
#define HASH_MAP_H <unordered_map>
#define HASH_SET_H <unordered_set>
#define HASH_NAMESPACE std
#define HASH_MAP_CLASS unordered_map
#define HASH_SET_CLASS unordered_set

configure: exit 0
